2021-12-18T01:36:28+00:00 NOTICE action_scheduler.queue_job :: MailChimp_WooCommerce_User_Submit queued :: obj_id 7
2021-12-18T01:36:38+00:00 NOTICE member.sync :: Subscribed Member tranhung0908@outlook.com :: Array
(
    [status_if_new] => 1
    [merge_fields] => Array
        (
        )

)

2021-12-18T17:05:45+00:00 NOTICE sync_store :: posting data :: Array
(
    [store_post] => Array
        (
            [id] => 618ab792051dc
            [is_syncing] => 
            [platform] => woocommerce
            [list_id] => 399251d2c4
            [name] => Trần Ngọc Hùng
            [domain] => http://www.thucphamgiasimienque.com
            [email_address] => tranngochung0908@gmail.com
            [currency_code] => VND
            [money_format] => VND
            [primary_locale] => vi
            [timezone] => +07:00
            [phone] => 0902435120
            [address] => Array
                (
                    [address1] => 45D/3 Hoài Thanh, Phường 14 Quận 8
                    [city] => Ho Chi Minh
                    [province] => HCMC
                    [postal_code] => 700000
                    [country] => VN
                    [country_code] => VN
                    [phone] => 0902435120
                    [company] => Trần Ngọc Hùng
                )

        )

)

2021-12-18T17:34:59+00:00 NOTICE debug :: Order ID 240 was processing and is now completed :: Array
(
    [new_order] => 
    [tracking] => 
)

2021-12-18T17:34:59+00:00 NOTICE action_scheduler.queue_job :: MailChimp_WooCommerce_Single_Order starts in 90 seconds :: obj_id 240
2021-12-18T17:37:13+00:00 NOTICE order.member.updated :: Updated abbart@gmail.com subscriber status to cleaned and language to 
2021-12-18T17:37:13+00:00 NOTICE order_submit.success :: updateStoreOrder :: #240 :: email: abbart@gmail.com
